<?xml version="1.0" encoding="UTF-8"?>
<!-- Generated by org.testng.reporters.JUnitXMLReporter -->
<testsuite hostname="NITISH" ignored="0" name="Test" tests="1" failures="1" timestamp="03 Jul 2018 17:08:42 GMT" time="29.357" errors="0">
  <testcase name="OpenSignUpWindow" time="0.032" classname="projectIRCTC.SignUp">
    <failure type="java.lang.NullPointerException">
      <![CDATA[java.lang.NullPointerException
at projectIRCTC.SignUp.OpenSignUpWindow(SignUp.java:12)
... Removed 25 stack frames]]>
    </failure>
  </testcase> <!-- OpenSignUpWindow -->
</testsuite> <!-- Test -->
