<?xml version="1.0" encoding="UTF-8"?>
<!-- Generated by org.testng.reporters.JUnitXMLReporter -->
<testsuite hostname="NITISH" ignored="0" name="Test2" tests="4" failures="0" timestamp="03 Jul 2018 15:59:29 GMT" time="0.031" errors="0">
  <testcase name="myTestMethod3" time="0.0" classname="testNG_Annotations.TestClass2"/>
  <testcase name="myTestMethod4" time="0.016" classname="testNG_Annotations.TestClass2"/>
  <testcase name="myTestMethod1" time="0.0" classname="testNG_Annotations.TestClass1"/>
  <testcase name="myTestMethod2" time="0.0" classname="testNG_Annotations.TestClass1"/>
</testsuite> <!-- Test2 -->
